[Thu Feb 25 20:28:00 -0600 2010] Checking http://dev.newsheridan.com/ FAIL 500
[Thu Feb 25 20:28:02 -0600 2010] Checking http://dev.sweetbeautyspa.com/ FAIL 503
[Thu Feb 25 20:28:02 -0600 2010] Checking http://dev.maps.natemiller.org/ OK 200
[Thu Feb 25 20:29:17 -0600 2010] Checking http://dev.newsheridan.com/ FAIL 500
[Thu Feb 25 20:29:18 -0600 2010] Checking http://dev.sweetbeautyspa.com/ FAIL 503
[Thu Feb 25 20:29:18 -0600 2010] Checking http://dev.maps.natemiller.org/ OK 200
[Thu Feb 25 20:29:18 -0600 2010] Checking http://dev.maps.natemiller.org/ OK 200
[Thu Feb 25 20:39:37 -0600 2010] Checking http://dev.newsheridan.com/ FAIL 500
[Thu Feb 25 20:39:39 -0600 2010] Checking http://dev.sweetbeautyspa.com/ FAIL 503
[Thu Feb 25 20:39:39 -0600 2010] Checking http://dev.maps.natemiller.org/ OK 200
[Thu Feb 25 20:39:39 -0600 2010] Checking http://dev.drupaltest.com/ FAIL 503
[Thu Feb 25 20:40:47 -0600 2010] Checking http://dev.newsheridan.com/ FAIL 500
[Thu Feb 25 20:40:48 -0600 2010] Checking http://dev.sweetbeautyspa.com/ FAIL 503
[Thu Feb 25 20:40:48 -0600 2010] Checking http://dev.maps.natemiller.org/ OK 200
[Thu Feb 25 20:40:48 -0600 2010] Checking http://dev.drupaltest.com/ FAIL 503
[Thu Feb 25 20:50:04 -0600 2010] Checking  FAIL 500
[Thu Feb 25 20:50:04 -0600 2010] Checking  FAIL 503
[Thu Feb 25 20:50:04 -0600 2010] Checking  OK 200
[Thu Feb 25 20:50:04 -0600 2010] Checking  FAIL 503
[Thu Feb 25 20:50:23 -0600 2010] Checking  FAIL 500
[Thu Feb 25 20:50:23 -0600 2010] Checking  FAIL 503
[Thu Feb 25 20:50:23 -0600 2010] Checking  OK 200
[Thu Feb 25 20:50:23 -0600 2010] Checking  FAIL 503
[Thu Feb 25 20:51:24 -0600 2010] Checking http://dev.newsheridan.com/ FAIL 500
[Thu Feb 25 20:51:24 -0600 2010] Checking http://dev.sweetbeautyspa.com/ FAIL 503
[Thu Feb 25 20:51:24 -0600 2010] Checking http://dev.maps.natemiller.org/ OK 200
[Thu Feb 25 20:51:24 -0600 2010] Checking http://dev.drupaltest.com/ FAIL 503
[Thu Feb 25 20:52:44 -0600 2010] Checking http://dev.newsheridan.com/ FAIL 500
[Thu Feb 25 20:52:44 -0600 2010] Checking http://dev.sweetbeautyspa.com/ FAIL 503
[Thu Feb 25 20:52:44 -0600 2010] Checking http://dev.maps.natemiller.org/ OK 200
[Thu Feb 25 20:52:44 -0600 2010] Checking http://dev.drupaltest.com/ FAIL 503
[Thu Feb 25 20:52:54 -0600 2010] Checking http://dev.newsheridan.com/ FAIL 500
[Thu Feb 25 20:52:54 -0600 2010] Checking http://dev.sweetbeautyspa.com/ FAIL 503
[Thu Feb 25 20:52:54 -0600 2010] Checking http://dev.maps.natemiller.org/ OK 200
[Thu Feb 25 20:52:54 -0600 2010] Checking http://dev.drupaltest.com/ FAIL 503
[Thu Feb 25 20:53:14 -0600 2010] Checking http://dev.newsheridan.com/ FAIL 500
[Thu Feb 25 20:53:15 -0600 2010] Checking http://dev.sweetbeautyspa.com/ FAIL 503
[Thu Feb 25 20:53:15 -0600 2010] Checking http://dev.maps.natemiller.org/ OK 200
[Thu Feb 25 20:53:15 -0600 2010] Checking http://dev.drupaltest.com/ FAIL 503
[Thu Feb 25 20:56:22 -0600 2010] Checking http://dev.newsheridan.com/ FAIL 500
[Thu Feb 25 20:56:22 -0600 2010] Checking http://dev.sweetbeautyspa.com/ FAIL 503
[Thu Feb 25 20:56:22 -0600 2010] Checking http://dev.maps.natemiller.org/ OK 200
[Thu Feb 25 20:56:22 -0600 2010] Checking http://dev.drupaltest.com/ FAIL 503
[Thu Feb 25 20:57:30 -0600 2010] Checking http://dev.newsheridan.com/ FAIL 500
[Thu Feb 25 20:57:30 -0600 2010] Checking http://dev.sweetbeautyspa.com/ FAIL 503
[Thu Feb 25 20:57:30 -0600 2010] Checking http://dev.maps.natemiller.org/ OK 200
[Thu Feb 25 20:57:30 -0600 2010] Checking http://dev.drupaltest.com/ FAIL 503
[Thu Feb 25 20:58:05 -0600 2010] Checking http://dev.newsheridan.com/ FAIL 500
[Thu Feb 25 20:58:05 -0600 2010] Checking http://dev.sweetbeautyspa.com/ FAIL 503
[Thu Feb 25 20:58:05 -0600 2010] Checking http://dev.maps.natemiller.org/ OK 200
[Thu Feb 25 20:58:06 -0600 2010] Checking http://dev.drupaltest.com/ FAIL 503
[Thu Feb 25 20:58:42 -0600 2010] Checking http://dev.newsheridan.com/ FAIL 500
[Thu Feb 25 20:58:42 -0600 2010] Checking http://dev.sweetbeautyspa.com/ FAIL 503
[Thu Feb 25 20:58:42 -0600 2010] Checking http://dev.maps.natemiller.org/ OK 200
[Thu Feb 25 20:58:42 -0600 2010] Checking http://dev.drupaltest.com/ FAIL 503
[Thu Feb 25 20:59:24 -0600 2010] Checking http://dev.newsheridan.com/ FAIL 500
[Thu Feb 25 20:59:24 -0600 2010] Checking http://dev.sweetbeautyspa.com/ FAIL 503
[Thu Feb 25 20:59:24 -0600 2010] Checking http://dev.maps.natemiller.org/ OK 200
[Thu Feb 25 20:59:24 -0600 2010] Checking http://dev.drupaltest.com/ FAIL 503
[Thu Feb 25 21:00:27 -0600 2010] Checking http://dev.newsheridan.com/ FAIL 500
[Thu Feb 25 21:00:27 -0600 2010] Checking http://dev.sweetbeautyspa.com/ FAIL 503
[Thu Feb 25 21:00:27 -0600 2010] Checking http://dev.maps.natemiller.org/ OK 200
[Thu Feb 25 21:00:27 -0600 2010] Checking http://dev.drupaltest.com/ FAIL 503
[Thu Feb 25 21:09:44 -0600 2010] Checking http://dev.newsheridan.com/ FAIL 500
[Thu Feb 25 21:09:44 -0600 2010] Checking http://dev.sweetbeautyspa.com/ FAIL 503
[Thu Feb 25 21:09:44 -0600 2010] Checking http://dev.maps.natemiller.org/ OK 200
[Thu Feb 25 21:09:44 -0600 2010] Checking http://dev.drupaltest.com/ FAIL 503
[Thu Feb 25 21:10:38 -0600 2010] Checking http://dev.newsheridan.com/ FAIL 500
[Thu Feb 25 21:10:38 -0600 2010] Checking http://dev.sweetbeautyspa.com/ FAIL 503
[Thu Feb 25 21:10:38 -0600 2010] Checking http://dev.maps.natemiller.org/ OK 200
[Thu Feb 25 21:10:38 -0600 2010] Checking http://dev.drupaltest.com/ FAIL 503
ERROR: 'http://dev.drupaltest' is not a valid URI. Quitting
